[INFO ] 2022-01-31 14:44:35.898 [main] Config - Test Passed Title matches
[INFO ] 2022-01-31 14:44:42.945 [main] Config - Test Passed url contains keyword dashboard 
[INFO ] 2022-01-31 14:44:42.971 [main] Config - Test Passed  Admin tab is displayed
[INFO ] 2022-01-31 14:44:42.992 [main] Config - Test Passed  Welcome Admin display at right panel
[INFO ] 2022-01-31 14:44:44.373 [main] Config - Test Passed url contains keyword viewSystemUsers
[INFO ] 2022-01-31 14:44:44.392 [main] Config - Test Passed delete button is displayed
[INFO ] 2022-01-31 14:44:45.295 [main] Config - Test Passed
[INFO ] 2022-01-31 14:45:38.967 [main] Config - Test Passed Title matches
[INFO ] 2022-01-31 14:45:46.012 [main] Config - Test Passed url contains keyword dashboard 
[INFO ] 2022-01-31 14:45:46.036 [main] Config - Test Passed  Admin tab is displayed
[INFO ] 2022-01-31 14:45:46.056 [main] Config - Test Passed  Welcome Admin display at right panel
[INFO ] 2022-01-31 14:45:47.538 [main] Config - Test Passed url contains keyword viewSystemUsers
[INFO ] 2022-01-31 14:45:47.557 [main] Config - Test Passed delete button is displayed
[INFO ] 2022-01-31 14:45:48.463 [main] Config - Test Passed
[INFO ] 2022-01-31 14:54:23.823 [main] Config - Test Passed Title matches
[INFO ] 2022-01-31 14:54:46.367 [main] Config - Test Passed Title matches
[INFO ] 2022-01-31 14:54:53.244 [main] Config - Test Passed url contains keyword dashboard 
[INFO ] 2022-01-31 14:54:53.269 [main] Config - Test Passed  Admin tab is displayed
[INFO ] 2022-01-31 14:54:53.289 [main] Config - Test Passed  Welcome Admin display at right panel
[INFO ] 2022-01-31 14:54:54.774 [main] Config - Test Passed url contains keyword viewSystemUsers
[INFO ] 2022-01-31 14:54:54.794 [main] Config - Test Passed delete button is displayed
[INFO ] 2022-01-31 14:54:55.617 [main] Config - Test Passed
[INFO ] 2022-01-31 14:57:48.147 [main] Config - Test Passed Title matches
[INFO ] 2022-01-31 14:57:57.660 [main] Config - Test Passed url contains keyword dashboard 
[INFO ] 2022-01-31 14:57:57.685 [main] Config - Test Passed  Admin tab is displayed
[INFO ] 2022-01-31 14:57:57.707 [main] Config - Test Passed  Welcome Admin display at right panel
[INFO ] 2022-01-31 14:57:59.100 [main] Config - Test Passed url contains keyword viewSystemUsers
[INFO ] 2022-01-31 14:57:59.117 [main] Config - Test Passed delete button is displayed
[INFO ] 2022-01-31 14:58:46.181 [main] Config - Test Passed
[INFO ] 2022-01-31 15:00:26.063 [main] Config - Test Passed Title matches
[INFO ] 2022-01-31 15:00:46.532 [main] Config - Test Passed url contains keyword dashboard 
[INFO ] 2022-01-31 15:00:46.556 [main] Config - Test Passed  Admin tab is displayed
[INFO ] 2022-01-31 15:00:46.577 [main] Config - Test Passed  Welcome Admin display at right panel
[INFO ] 2022-01-31 15:00:47.971 [main] Config - Test Passed url contains keyword viewSystemUsers
[INFO ] 2022-01-31 15:00:47.991 [main] Config - Test Passed delete button is displayed
[INFO ] 2022-01-31 15:00:48.873 [main] Config - Test Passed
[INFO ] 2022-01-31 15:02:06.051 [main] Config - Test Passed Title matches
[INFO ] 2022-01-31 15:02:13.203 [main] Config - Test Passed url contains keyword dashboard 
[INFO ] 2022-01-31 15:02:13.227 [main] Config - Test Passed  Admin tab is displayed
[INFO ] 2022-01-31 15:02:13.249 [main] Config - Test Passed  Welcome Admin display at right panel
[INFO ] 2022-01-31 15:02:14.688 [main] Config - Test Passed url contains keyword viewSystemUsers
[INFO ] 2022-01-31 15:15:01.351 [main] Config - Test Passed Title matches
[INFO ] 2022-01-31 15:15:08.423 [main] Config - Test Passed url contains keyword dashboard 
[INFO ] 2022-01-31 15:15:08.448 [main] Config - Test Passed  Admin tab is displayed
[INFO ] 2022-01-31 15:15:08.469 [main] Config - Test Passed  Welcome Admin display at right panel
[INFO ] 2022-01-31 15:15:09.919 [main] Config - Test Passed url contains keyword viewSystemUsers
